<?xml version="1.0" encoding="UTF-8"?>
<testng-results skipped="0" failed="0" ignored="0" total="1" passed="1">
  <reporter-output>
  </reporter-output>
  <suite name="Default suite" duration-ms="8196" started-at="2020-06-29T12:26:39 IST" finished-at="2020-06-29T12:26:47 IST">
    <groups>
    </groups>
    <test name="Default test" duration-ms="8196" started-at="2020-06-29T12:26:39 IST" finished-at="2020-06-29T12:26:47 IST">
      <class name="UnitApitest.WebdriverTest">
        <test-method status="PASS" signature="webdriverTest()[pri:0, instance:UnitApitest.WebdriverTest@32709393]" name="webdriverTest" duration-ms="8106" started-at="2020-06-29T12:26:39 IST" finished-at="2020-06-29T12:26:47 IST">
          <reporter-output>
          </reporter-output>
        </test-method> <!-- webdriverTest -->
      </class> <!-- UnitApitest.WebdriverTest -->
    </test> <!-- Default test -->
  </suite> <!-- Default suite -->
</testng-results>
